<?xml version="1.0" encoding="UTF-8"?>
<testng-results skipped="0" failed="0" ignored="0" total="2" passed="2">
  <reporter-output>
  </reporter-output>
  <suite name="Surefire suite" duration-ms="107" started-at="2020-04-03T02:34:16Z" finished-at="2020-04-03T02:34:16Z">
    <groups>
    </groups>
    <test name="Surefire test" duration-ms="107" started-at="2020-04-03T02:34:16Z" finished-at="2020-04-03T02:34:16Z">
      <class name="CodeCoverageTest">
        <test-method status="PASS" signature="testSayHello1()" name="testSayHello1" duration-ms="25" started-at="2020-04-03T10:34:16Z" finished-at="2020-04-03T10:34:16Z">
          <reporter-output>
          </reporter-output>
        </test-method> <!-- testSayHello1 -->
        <test-method status="PASS" signature="testSayHello2()" name="testSayHello2" duration-ms="24" started-at="2020-04-03T10:34:16Z" finished-at="2020-04-03T10:34:16Z">
          <reporter-output>
          </reporter-output>
        </test-method> <!-- testSayHello2 -->
      </class> <!-- CodeCoverageTest -->
    </test> <!-- Surefire test -->
  </suite> <!-- Surefire suite -->
</testng-results>
