<?xml version="1.0" encoding="UTF-8"?>
<testsuite xmlns:xsi="http://www.w3.org/2001/XMLSchema-instance" xsi:noNamespaceSchemaLocation="https://maven.apache.org/surefire/maven-surefire-plugin/xsd/surefire-test-report.xsd" name="CodeCoverageTest" time="1.618" tests="2" errors="0" skipped="0" failures="0">
  <properties>
[...]
</properties>
  <testcase name="testSayHello1 on testSayHello1(CodeCoverageTest)" classname="CodeCoverageTest" time="0.005"/>
  <testcase name="testSayHello2 on testSayHello2(CodeCoverageTest)" classname="CodeCoverageTest" time="0"/>
</testsuite>